----------------------------------------------------------------
Thu Mar 17 14:30:57 CDT 2016:
Booting Derby version The Apache Software Foundation - Apache Derby - 10.11.1.1 - (1616546): instance a816c00e-0153-860f-379c-000006d57110 
on database directory C:\Dropbox\Dropbox\eclipseWorkSpace\MyDB with class loader sun.misc.Launcher$AppClassLoader@c387f44 
Loaded from file:/C:/Users/mcreel.SSS/git/goat/goat/lib/derby.jar
java.vendor=Oracle Corporation
java.runtime.version=1.8.0_45-b14
user.dir=C:\Users\mcreel.SSS\git\goat\goat
os.name=Windows 7
os.arch=amd64
os.version=6.1
derby.system.home=null
Database Class Loader started - derby.database.classpath=''
----------------------------------------------------------------
Thu Mar 17 14:30:58 CDT 2016:
Shutting down instance a816c00e-0153-860f-379c-000006d57110 on database directory C:\Dropbox\Dropbox\eclipseWorkSpace\MyDB with class loader sun.misc.Launcher$AppClassLoader@c387f44 
----------------------------------------------------------------
Thu Mar 17 14:30:58 CDT 2016:
Booting Derby version The Apache Software Foundation - Apache Derby - 10.11.1.1 - (1616546): instance 08264012-0153-860f-379c-000006d57110 
on database directory C:\Dropbox\Dropbox\eclipseWorkSpace\MyDB with class loader sun.misc.Launcher$AppClassLoader@c387f44 
Loaded from file:/C:/Users/mcreel.SSS/git/goat/goat/lib/derby.jar
java.vendor=Oracle Corporation
java.runtime.version=1.8.0_45-b14
user.dir=C:\Users\mcreel.SSS\git\goat\goat
os.name=Windows 7
os.arch=amd64
os.version=6.1
derby.system.home=null
Database Class Loader started - derby.database.classpath=''
----------------------------------------------------------------
Thu Mar 17 14:30:58 CDT 2016:
Shutting down instance 08264012-0153-860f-379c-000006d57110 on database directory C:\Dropbox\Dropbox\eclipseWorkSpace\MyDB with class loader sun.misc.Launcher$AppClassLoader@c387f44 
----------------------------------------------------------------
Thu Mar 17 14:30:58 CDT 2016:
Booting Derby version The Apache Software Foundation - Apache Derby - 10.11.1.1 - (1616546): instance 6839c016-0153-860f-379c-000006d57110 
on database directory C:\Dropbox\Dropbox\eclipseWorkSpace\MyDB with class loader sun.misc.Launcher$AppClassLoader@c387f44 
Loaded from file:/C:/Users/mcreel.SSS/git/goat/goat/lib/derby.jar
java.vendor=Oracle Corporation
java.runtime.version=1.8.0_45-b14
user.dir=C:\Users\mcreel.SSS\git\goat\goat
os.name=Windows 7
os.arch=amd64
os.version=6.1
derby.system.home=null
Database Class Loader started - derby.database.classpath=''
----------------------------------------------------------------
Thu Mar 17 14:30:58 CDT 2016:
Shutting down instance 6839c016-0153-860f-379c-000006d57110 on database directory C:\Dropbox\Dropbox\eclipseWorkSpace\MyDB with class loader sun.misc.Launcher$AppClassLoader@c387f44 
----------------------------------------------------------------
Thu Mar 17 14:30:58 CDT 2016:
Booting Derby version The Apache Software Foundation - Apache Derby - 10.11.1.1 - (1616546): instance c851401a-0153-860f-379c-000006d57110 
on database directory C:\Dropbox\Dropbox\eclipseWorkSpace\MyDB with class loader sun.misc.Launcher$AppClassLoader@c387f44 
Loaded from file:/C:/Users/mcreel.SSS/git/goat/goat/lib/derby.jar
java.vendor=Oracle Corporation
java.runtime.version=1.8.0_45-b14
user.dir=C:\Users\mcreel.SSS\git\goat\goat
os.name=Windows 7
os.arch=amd64
os.version=6.1
derby.system.home=null
Database Class Loader started - derby.database.classpath=''
----------------------------------------------------------------
Thu Mar 17 14:30:59 CDT 2016:
Shutting down instance c851401a-0153-860f-379c-000006d57110 on database directory C:\Dropbox\Dropbox\eclipseWorkSpace\MyDB with class loader sun.misc.Launcher$AppClassLoader@c387f44 
----------------------------------------------------------------
Thu Mar 17 14:30:59 CDT 2016:
Booting Derby version The Apache Software Foundation - Apache Derby - 10.11.1.1 - (1616546): instance 286cc01e-0153-860f-379c-000006d57110 
on database directory C:\Dropbox\Dropbox\eclipseWorkSpace\MyDB with class loader sun.misc.Launcher$AppClassLoader@c387f44 
Loaded from file:/C:/Users/mcreel.SSS/git/goat/goat/lib/derby.jar
java.vendor=Oracle Corporation
java.runtime.version=1.8.0_45-b14
user.dir=C:\Users\mcreel.SSS\git\goat\goat
os.name=Windows 7
os.arch=amd64
os.version=6.1
derby.system.home=null
Database Class Loader started - derby.database.classpath=''
----------------------------------------------------------------
Thu Mar 17 14:30:59 CDT 2016:
Shutting down instance 286cc01e-0153-860f-379c-000006d57110 on database directory C:\Dropbox\Dropbox\eclipseWorkSpace\MyDB with class loader sun.misc.Launcher$AppClassLoader@c387f44 
----------------------------------------------------------------
Thu Mar 17 14:30:59 CDT 2016:
Booting Derby version The Apache Software Foundation - Apache Derby - 10.11.1.1 - (1616546): instance 888c4022-0153-860f-379c-000006d57110 
on database directory C:\Dropbox\Dropbox\eclipseWorkSpace\MyDB with class loader sun.misc.Launcher$AppClassLoader@c387f44 
Loaded from file:/C:/Users/mcreel.SSS/git/goat/goat/lib/derby.jar
java.vendor=Oracle Corporation
java.runtime.version=1.8.0_45-b14
user.dir=C:\Users\mcreel.SSS\git\goat\goat
os.name=Windows 7
os.arch=amd64
os.version=6.1
derby.system.home=null
Database Class Loader started - derby.database.classpath=''
----------------------------------------------------------------
Thu Mar 17 14:30:59 CDT 2016:
Shutting down instance 888c4022-0153-860f-379c-000006d57110 on database directory C:\Dropbox\Dropbox\eclipseWorkSpace\MyDB with class loader sun.misc.Launcher$AppClassLoader@c387f44 
----------------------------------------------------------------
Thu Mar 17 14:30:59 CDT 2016:
Booting Derby version The Apache Software Foundation - Apache Derby - 10.11.1.1 - (1616546): instance e8afc026-0153-860f-379c-000006d57110 
on database directory C:\Dropbox\Dropbox\eclipseWorkSpace\MyDB with class loader sun.misc.Launcher$AppClassLoader@c387f44 
Loaded from file:/C:/Users/mcreel.SSS/git/goat/goat/lib/derby.jar
java.vendor=Oracle Corporation
java.runtime.version=1.8.0_45-b14
user.dir=C:\Users\mcreel.SSS\git\goat\goat
os.name=Windows 7
os.arch=amd64
os.version=6.1
derby.system.home=null
Database Class Loader started - derby.database.classpath=''
----------------------------------------------------------------
Thu Mar 17 14:31:00 CDT 2016:
Shutting down instance e8afc026-0153-860f-379c-000006d57110 on database directory C:\Dropbox\Dropbox\eclipseWorkSpace\MyDB with class loader sun.misc.Launcher$AppClassLoader@c387f44 
----------------------------------------------------------------
Thu Mar 17 14:31:00 CDT 2016:
Booting Derby version The Apache Software Foundation - Apache Derby - 10.11.1.1 - (1616546): instance 48d7402a-0153-860f-379c-000006d57110 
on database directory C:\Dropbox\Dropbox\eclipseWorkSpace\MyDB with class loader sun.misc.Launcher$AppClassLoader@c387f44 
Loaded from file:/C:/Users/mcreel.SSS/git/goat/goat/lib/derby.jar
java.vendor=Oracle Corporation
java.runtime.version=1.8.0_45-b14
user.dir=C:\Users\mcreel.SSS\git\goat\goat
os.name=Windows 7
os.arch=amd64
os.version=6.1
derby.system.home=null
Database Class Loader started - derby.database.classpath=''
----------------------------------------------------------------
Thu Mar 17 14:31:00 CDT 2016:
Shutting down instance 48d7402a-0153-860f-379c-000006d57110 on database directory C:\Dropbox\Dropbox\eclipseWorkSpace\MyDB with class loader sun.misc.Launcher$AppClassLoader@c387f44 
